0 verbose cli /usr/local/bin/node /usr/local/bin/npm
1 info using npm@10.6.0
2 info using node@v20.12.2
3 silly config:load:file:/usr/local/lib/node_modules/npm/npmrc
4 silly config:load:file:/home/container/.npmrc
5 silly config:load:file:/usr/local/etc/npmrc
6 verbose title npm install
7 verbose argv "install"
8 verbose logfile logs-max:10 dir:/home/container/.npm/_logs/2024-05-01T10_44_34_066Z-
9 verbose logfile /home/container/.npm/_logs/2024-05-01T10_44_34_066Z-debug-0.log
10 silly logfile start cleaning logs, removing 1 files
11 silly logfile done cleaning log files
12 silly idealTree buildDeps
13 silly reify moves {}
14 silly audit bulk request {
14 silly audit   '@akarui/aoi.db': [ '2.1.0' ],
14 silly audit   '@akarui/structures': [ '2.2.0' ],
14 silly audit   '@discordjs/builders': [ '1.7.0' ],
14 silly audit   '@discordjs/collection': [ '1.5.3', '2.0.0' ],
14 silly audit   '@discordjs/formatters': [ '0.3.3' ],
14 silly audit   '@discordjs/rest': [ '2.2.0' ],
14 silly audit   '@discordjs/util': [ '1.0.2' ],
14 silly audit   '@discordjs/ws': [ '1.0.2' ],
14 silly audit   '@fastify/busboy': [ '2.1.1' ],
14 silly audit   '@sapphire/async-queue': [ '1.5.2' ],
14 silly audit   '@sapphire/shapeshift': [ '3.9.7' ],
14 silly audit   '@sapphire/snowflake': [ '3.5.1' ],
14 silly audit   '@types/node': [ '20.12.7' ],
14 silly audit   '@types/ws': [ '8.5.9' ],
14 silly audit   '@vladfrangu/async_event_emitter': [ '2.2.4' ],
14 silly audit   chownr: [ '2.0.0' ],
14 silly audit   'cron-parser': [ '4.9.0' ],
14 silly audit   denque: [ '2.1.0' ],
14 silly audit   'discord-api-types': [ '0.37.61' ],
14 silly audit   'discord.js': [ '14.14.1' ],
14 silly audit   dotenv: [ '16.4.5' ],
14 silly audit   'fast-deep-equal': [ '3.1.3' ],
14 silly audit   'fs-minipass': [ '2.1.0' ],
14 silly audit   minipass: [ '3.3.6', '5.0.0' ],
14 silly audit   'generate-function': [ '2.3.1' ],
14 silly audit   'iconv-lite': [ '0.6.3' ],
14 silly audit   'is-property': [ '1.0.2' ],
14 silly audit   jsonrepair: [ '3.7.0' ],
14 silly audit   lodash: [ '4.17.21' ],
14 silly audit   'lodash.snakecase': [ '4.1.1' ],
14 silly audit   long: [ '5.2.3' ],
14 silly audit   'long-timeout': [ '0.1.1' ],
14 silly audit   'lru-cache': [ '8.0.5', '7.18.3' ],
14 silly audit   luxon: [ '3.4.4' ],
14 silly audit   'magic-bytes.js': [ '1.10.0' ],
14 silly audit   minizlib: [ '2.1.2' ],
14 silly audit   mkdirp: [ '1.0.4' ],
14 silly audit   mysql2: [ '3.9.7' ],
14 silly audit   'named-placeholders': [ '1.1.3' ],
14 silly audit   'node-schedule': [ '2.1.1' ],
14 silly audit   'safer-buffer': [ '2.1.2' ],
14 silly audit   'seq-queue': [ '0.0.5' ],
14 silly audit   'sorted-array-functions': [ '1.3.0' ],
14 silly audit   sqlstring: [ '2.3.3' ],
14 silly audit   tar: [ '6.2.1' ],
14 silly audit   'ts-mixer': [ '6.0.4' ],
14 silly audit   tslib: [ '2.6.2' ],
14 silly audit   undici: [ '5.27.2' ],
14 silly audit   'undici-types': [ '5.26.5' ],
14 silly audit   ws: [ '8.14.2' ],
14 silly audit   yallist: [ '4.0.0' ]
14 silly audit }
15 http fetch POST 200 https://registry.npmjs.org/-/npm/v1/security/advisories/bulk 294ms
16 silly audit report {
16 silly audit report   undici: [
16 silly audit report     {
16 silly audit report       id: 1097102,
16 silly audit report       url: 'https://github.com/advisories/GHSA-3787-6prv-h9w3',
16 silly audit report       title: 'Undici proxy-authorization header not cleared on cross-origin redirect in fetch',
16 silly audit report       severity: 'low',
16 silly audit report       vulnerable_versions: '<=5.28.2',
16 silly audit report       cwe: [Array],
16 silly audit report       cvss: [Object]
16 silly audit report     },
16 silly audit report     {
16 silly audit report       id: 1097109,
16 silly audit report       url: 'https://github.com/advisories/GHSA-m4v8-wqvr-p9f7',
16 silly audit report       title: "Undici's Proxy-Authorization header not cleared on cross-origin redirect for dispatch, request, stream, pipeline",
16 silly audit report       severity: 'low',
16 silly audit report       vulnerable_versions: '<5.28.4',
16 silly audit report       cwe: [Array],
16 silly audit report       cvss: [Object]
16 silly audit report     },
16 silly audit report     {
16 silly audit report       id: 1097200,
16 silly audit report       url: 'https://github.com/advisories/GHSA-9qxr-qj54-h672',
16 silly audit report       title: "Undici's fetch with integrity option is too lax when algorithm is specified but hash value is in incorrect",
16 silly audit report       severity: 'low',
16 silly audit report       vulnerable_versions: '<5.28.4',
16 silly audit report       cwe: [Array],
16 silly audit report       cvss: [Object]
16 silly audit report     }
16 silly audit report   ]
16 silly audit report }
17 http fetch GET 200 https://registry.npmjs.org/undici 13ms (cache hit)
18 http fetch GET 200 https://registry.npmjs.org/@discordjs%2frest 20ms (cache hit)
19 http fetch GET 200 https://registry.npmjs.org/discord.js 65ms (cache hit)
20 http fetch GET 200 https://registry.npmjs.org/@discordjs%2fws 26ms (cache hit)
21 verbose exit 0
22 info ok
